[15:25:39] [main/INFO]: Loading Minecraft 1.21 with Fabric Loader 0.16.0
[15:25:39] [ForkJoinPool-1-worker-2/WARN]: Mod travelersbackpack uses the version fabric-1.21-10.0.4 which isn't compatible with Loader's extended semantic version format (Could not parse version number component 'fabric'!), SemVer is recommended for reliably evaluating dependencies and prioritizing newer version
[15:25:40] [main/WARN]: Warnings were found!
 - Mod 'Forge Config API Port' (forgeconfigapiport) 21.0.7 recommends any version of modmenu, which is missing!
	 - You should install any version of modmenu for the optimal experience.
[15:25:40] [main/INFO]: Loading 108 mods:
	- armored-elytra 1.0.1
	- bosses_of_mass_destruction 1.10.1-1.21
	   \-- multipart_entities 1.7-1.21
	- cardinal-components 6.1.1
	   |-- cardinal-components-base 6.1.1
	   |-- cardinal-components-block 6.1.1
	   |-- cardinal-components-chunk 6.1.1
	   |-- cardinal-components-entity 6.1.1
	   |-- cardinal-components-item 6.1.1
	   |-- cardinal-components-level 6.1.1
	   |-- cardinal-components-scoreboard 6.1.1
	   \-- cardinal-components-world 6.1.1
	- carryon 2.2.1
	- cinderscapes 5.0.1
	   |-- biolith 3.0.0-alpha.1
	   |-- cinderscapes-client 5.0.1
	   |-- cinderscapes-common 5.0.1
	   |-- cinderscapes-worldgen 5.0.1
	   |-- terraform-biome-remapper-api-v1 11.0.0-alpha.1
	   |-- terraform-shapes-api-v1 11.0.0-alpha.1
	   |-- terraform-surfaces-api-v1 11.0.0-alpha.1
	   \-- terraform-wood-api-v1 11.0.0-alpha.1
	- cloth-config 15.0.128
	   \-- cloth-basic-math 0.6.1
	- collective 7.80
	- cristellib 1.2.7
	   \-- blue_endless_jankson 1.2.3
	- ctov 3.5.1
	- endorium 1.1.5
	- explorify 1.6.1
	- fabric-api 0.100.8+1.21
	   |-- fabric-api-base 0.4.42+6573ed8cd1
	   |-- fabric-api-lookup-api-v1 1.6.67+b5597344d1
	   |-- fabric-biome-api-v1 13.0.29+5bd9f1bcd1
	   |-- fabric-block-api-v1 1.0.22+0af3f5a7d1
	   |-- fabric-block-view-api-v2 1.0.10+6573ed8cd1
	   |-- fabric-blockrenderlayer-v1 1.1.52+0af3f5a7d1
	   |-- fabric-client-tags-api-v1 1.1.15+6573ed8cd1
	   |-- fabric-command-api-v1 1.2.49+f71b366fd1
	   |-- fabric-command-api-v2 2.2.28+6ced4dd9d1
	   |-- fabric-commands-v0 0.2.66+df3654b3d1
	   |-- fabric-content-registries-v0 8.0.15+b5597344d1
	   |-- fabric-convention-tags-v1 2.0.18+7f945d5bd1
	   |-- fabric-convention-tags-v2 2.4.2+c111832ad1
	   |-- fabric-crash-report-info-v1 0.2.29+0af3f5a7d1
	   |-- fabric-data-attachment-api-v1 1.1.25+6a6dfa19d1
	   |-- fabric-data-generation-api-v1 20.2.13+16c4ae25d1
	   |-- fabric-dimensions-v1 4.0.0+6fc22b99d1
	   |-- fabric-entity-events-v1 1.6.12+6fc22b99d1
	   |-- fabric-events-interaction-v0 0.7.10+e633f883d1
	   |-- fabric-game-rule-api-v1 1.0.53+6ced4dd9d1
	   |-- fabric-item-api-v1 11.0.0+afdfc921d1
	   |-- fabric-item-group-api-v1 4.1.3+78017270d1
	   |-- fabric-key-binding-api-v1 1.0.47+0af3f5a7d1
	   |-- fabric-keybindings-v0 0.2.45+df3654b3d1
	   |-- fabric-lifecycle-events-v1 2.3.11+8f3583aed1
	   |-- fabric-loot-api-v2 3.0.13+3f89f5a5d1
	   |-- fabric-loot-api-v3 1.0.1+3f89f5a5d1
	   |-- fabric-message-api-v1 6.0.13+6573ed8cd1
	   |-- fabric-model-loading-api-v1 2.0.0+fe474d6bd1
	   |-- fabric-networking-api-v1 4.2.0+ab7edbacd1
	   |-- fabric-object-builder-api-v1 15.1.13+d1321076d1
	   |-- fabric-particles-v1 4.0.2+6573ed8cd1
	   |-- fabric-recipe-api-v1 5.0.10+65089712d1
	   |-- fabric-registry-sync-v0 5.0.26+a5d66753d1
	   |-- fabric-renderer-api-v1 3.3.0+0ae0b97dd1
	   |-- fabric-renderer-indigo 1.6.5+48fb1586d1
	   |-- fabric-renderer-registries-v1 3.2.68+df3654b3d1
	   |-- fabric-rendering-data-attachment-v1 0.3.48+73761d2ed1
	   |-- fabric-rendering-fluids-v1 3.1.6+b5597344d1
	   |-- fabric-rendering-v0 1.1.71+df3654b3d1
	   |-- fabric-rendering-v1 5.0.5+df16efd0d1
	   |-- fabric-resource-conditions-api-v1 4.2.1+d153f344d1
	   |-- fabric-resource-loader-v0 1.2.0+7e687b32d1
	   |-- fabric-screen-api-v1 2.0.24+b5597344d1
	   |-- fabric-screen-handler-api-v1 1.3.83+b5597344d1
	   |-- fabric-sound-api-v1 1.0.23+6573ed8cd1
	   |-- fabric-transfer-api-v1 5.1.15+3dccd343d1
	   \-- fabric-transitive-access-wideners-v1 6.0.12+6573ed8cd1
	- fabric-language-kotlin 1.11.0+kotlin.2.0.0
	   |-- org_jetbrains_kotlin_kotlin-reflect 2.0.0
	   |-- org_jetbrains_kotlin_kotlin-stdlib 2.0.0
	   |-- org_jetbrains_kotlin_kotlin-stdlib-jdk7 2.0.0
	   |-- org_jetbrains_kotlin_kotlin-stdlib-jdk8 2.0.0
	   |-- org_jetbrains_kotlinx_atomicfu-jvm 0.24.0
	   |-- org_jetbrains_kotlinx_kotlinx-coroutines-core-jvm 1.8.1
	   |-- org_jetbrains_kotlinx_kotlinx-coroutines-jdk8 1.8.1
	   |-- org_jetbrains_kotlinx_kotlinx-datetime-jvm 0.6.0
	   |-- org_jetbrains_kotlinx_kotlinx-serialization-cbor-jvm 1.6.3
	   |-- org_jetbrains_kotlinx_kotlinx-serialization-core-jvm 1.6.3
	   \-- org_jetbrains_kotlinx_kotlinx-serialization-json-jvm 1.6.3
	- fabricloader 0.16.0
	   \-- mixinextras 0.4.0
	- forgeconfigapiport 21.0.7
	   |-- com_electronwill_night-config_core 3.8.0
	   \-- com_electronwill_night-config_toml 3.8.0
	- fwaystones 3.3.3+mc1.21
	   \-- owo-sentinel 0.12.10+1.21
	- geckolib 4.5.7
	- glitchcore 2.0.0.2
	   \-- net_jodah_typetools 0.6.3
	- hopobettermineshaft 1.2.6
	- infinitetrading 4.5
	- java 21
	- lithostitched 1.2.5
	- medievalend 1.0.2
	- mes 1.3.2-1.21-fabric
	- minecraft 1.21
	- mining_dims 1.8.0
	   \-- blue_endless_jankson 1.2.3
	- moretotems 2.20.1
	- mr_dungeons_andtaverns 1-v4.3
	- mr_tidal_towns 1.3.2
	- puzzleslib 21.0.18
	- retraining 2.0.0
	- simple_backpack 1.6.8
	   \-- blue_endless_jankson 1.2.3
	- structory 1.3.5
	- t_and_t 1.13.2
	- terrablender 4.0.0.1
	- tradingpost 21.0.1
	- travelersbackpack fabric-1.21-10.0.4
	- trumpet-skeleton 1.21-1.2.1
[15:25:40] [main/WARN]: Found 1 non-fabric mod:
	- GlitchCore-forge-1.21-2.0.0.2.jar
